Tue Dec  2 06:21:27 UTC 2025 | CPU : 0% | MEM : 6.71332% | DISK : 1% | LATENCY : 19.3ms
Tue Dec  2 06:21:33 UTC 2025 | CPU : 0% | MEM : 6.73176% | DISK : 1% | LATENCY : 33.1ms
Tue Dec  2 06:21:39 UTC 2025 | CPU : 0% | MEM : 6.7296% | DISK : 1% | LATENCY : 17.5ms
Tue Dec  2 06:21:45 UTC 2025 | CPU : 0% | MEM : 6.73704% | DISK : 1% | LATENCY : 18.4ms
Tue Dec  2 07:47:12 UTC 2025 | CPU : 0% | MEM : 6.6075% | DISK : 1% | LATENCY : 25.5 msms
Tue Dec  2 07:47:17 UTC 2025 | CPU : 0% | MEM : 6.63669% | DISK : 1% | LATENCY : 52.7 msms
Tue Dec  2 07:47:23 UTC 2025 | CPU : 0% | MEM : 6.65026% | DISK : 1% | LATENCY : 20.5 msms
Tue Dec  2 07:47:28 UTC 2025 | CPU : 0% | MEM : 6.65905% | DISK : 1% | LATENCY : 26.3 msms
Tue Dec  2 07:47:34 UTC 2025 | CPU : 0% | MEM : 6.6478% | DISK : 1% | LATENCY : 24.8 msms
Tue Dec  2 07:47:39 UTC 2025 | CPU : 0% | MEM : 6.6492% | DISK : 1% | LATENCY : 51.5 msms
Tue Dec  2 07:47:44 UTC 2025 | CPU : 0% | MEM : 6.65765% | DISK : 1% | LATENCY : 17.4 msms
Tue Dec  2 07:47:49 UTC 2025 | CPU : 0% | MEM : 6.65423% | DISK : 1% | LATENCY : 33.9 msms
Tue Dec  2 08:27:27 UTC 2025 | CPU : 0% | MEM : 6.65739% | DISK : 1% | LATENCY : 21.4 msms
Tue Dec  2 08:27:31 UTC 2025 | CPU : 0% | MEM : 6.67252% | DISK : 1% | LATENCY : 20.2 msms
Tue Dec  2 08:32:49 UTC 2025 | CPU : 0% | MEM : 6.62112% | DISK : 1% | LATENCY : Failms
Tue Dec  2 08:32:53 UTC 2025 | CPU : 0% | MEM : 6.63654% | DISK : 1% | LATENCY : Failms
Tue Dec  2 08:32:56 UTC 2025 | CPU : 0% | MEM : 6.65277% | DISK : 1% | LATENCY : Failms
Tue Dec  2 08:34:50 UTC 2025 | CPU : 0% | MEM : 6.64775% | DISK : 1% | LATENCY : Failms
Tue Dec  2 09:09:36 UTC 2025 | CPU : 0% | MEM : 6.64232% | DISK : 1% | LATENCY : Failms
Tue Dec  2 09:09:36 UTC 2025  Alert : High CPU usage detected 
Tue Dec  2 09:09:36 UTC 2025 | Fixed : high cpu process killed PID=1
Tue Dec  2 09:09:40 UTC 2025 | CPU : 0% | MEM : 6.64287% | DISK : 1% | LATENCY : Failms
Tue Dec  2 09:09:40 UTC 2025  Alert : High CPU usage detected 
Tue Dec  2 09:13:02 UTC 2025 | CPU : 0% | MEM : 6.6691% | DISK : 1% | LATENCY : Failms
Tue Dec  2 09:13:02 UTC 2025  Alert : High CPU usage detected 
Tue Dec  2 09:13:02 UTC 2025 | Fixed : high cpu process killed PID=1
Tue Dec  2 09:13:06 UTC 2025 | CPU : 0% | MEM : 6.67056% | DISK : 1% | LATENCY : Failms
Tue Dec  2 09:13:06 UTC 2025  Alert : High CPU usage detected 
Fri Dec  5 17:32:16 UTC 2025 | CPU : 0% | MEM : 6.63996% | DISK : 1% | LATENCY : 18.6 msms
Fri Dec  5 17:32:16 UTC 2025  Alert : High CPU usage detected 
Fri Dec  5 17:32:16 UTC 2025 |  high cpu process killed PID=2736
Fri Dec  5 17:32:21 UTC 2025 | CPU : 0% | MEM : 6.68744% | DISK : 1% | LATENCY : 18.9 msms
Fri Dec  5 17:32:21 UTC 2025  Alert : High CPU usage detected 
Fri Dec  5 17:32:21 UTC 2025 |  high cpu process killed PID=2797
Fri Dec  5 17:32:26 UTC 2025 | CPU : 0% | MEM : 6.70141% | DISK : 1% | LATENCY : 17.8 msms
Fri Dec  5 17:32:26 UTC 2025  Alert : High CPU usage detected 
Fri Dec  5 17:32:26 UTC 2025 |  high cpu process killed PID=2736
Fri Dec  5 17:32:32 UTC 2025 | CPU : 0% | MEM : 6.71784% | DISK : 1% | LATENCY : 17.3 msms
Fri Dec  5 17:32:32 UTC 2025  Alert : High CPU usage detected 
Fri Dec  5 17:32:32 UTC 2025 |  high cpu process killed PID=2736
Fri Dec  5 17:33:42 UTC 2025 | CPU : 0% | MEM : 6.66091% | DISK : 1% | LATENCY : 18.2 msms
Fri Dec  5 17:33:42 UTC 2025  Alert : High CPU usage detected 
Fri Dec  5 17:33:42 UTC 2025 |  high cpu process killed PID=1
Fri Dec  5 17:33:47 UTC 2025 | CPU : 0% | MEM : 6.70287% | DISK : 1% | LATENCY : 18.1 msms
Fri Dec  5 17:33:47 UTC 2025  Alert : High CPU usage detected 
Fri Dec  5 17:33:47 UTC 2025 |  high cpu process killed PID=2881
Fri Dec  5 17:33:52 UTC 2025 | CPU : 0% | MEM : 6.70654% | DISK : 1% | LATENCY : 17.6 msms
Fri Dec  5 17:33:52 UTC 2025  Alert : High CPU usage detected 
Fri Dec  5 17:33:52 UTC 2025 |  high cpu process killed PID=2881
Fri Dec  5 17:38:08 UTC 2025 | CPU : 0.0% | MEM : 6.68719% | DISK : 1% | LATENCY : 19.3 msms
Fri Dec  5 17:38:08 UTC 2025  Alert : High CPU usage detected 
Fri Dec  5 17:38:08 UTC 2025 |  high cpu process killed PID=1
Fri Dec  5 17:38:13 UTC 2025 | CPU : 0.0% | MEM : 6.70985% | DISK : 1% | LATENCY : 17.3 msms
Fri Dec  5 17:38:13 UTC 2025  Alert : High CPU usage detected 
Fri Dec  5 17:38:13 UTC 2025 |  high cpu process killed PID=1
Fri Dec  5 17:43:59 UTC 2025 | CPU : 0.0% | MEM : 6.71427% | DISK : 1% | LATENCY : 17.7 msms
Fri Dec  5 17:44:04 UTC 2025 | CPU : 0.0% | MEM : 6.70578% | DISK : 1% | LATENCY : 17.8 msms
Fri Dec  5 17:44:10 UTC 2025 | CPU : 0.0% | MEM : 6.69875% | DISK : 1% | LATENCY : 17.4 msms
Fri Dec  5 17:46:52 UTC 2025 | CPU : 0% | MEM : 6.70422% | DISK : 1% | LATENCY : 17.8 msms
Fri Dec  5 17:46:57 UTC 2025 | CPU : 0% | MEM : 6.71196% | DISK : 1% | LATENCY : 17.6 msms
Fri Dec  5 17:47:02 UTC 2025 | CPU : 0% | MEM : 6.71653% | DISK : 1% | LATENCY : 17.5 msms
Fri Dec  5 17:47:38 UTC 2025 | CPU : 0.6% | MEM : 6.71513% | DISK : 1% | LATENCY : 17.6 msms
Fri Dec  5 17:47:38 UTC 2025  Alert : High CPU usage detected 
Fri Dec  5 17:47:38 UTC 2025 |  high cpu process killed PID=1
Fri Dec  5 17:47:44 UTC 2025 | CPU : 0.6% | MEM : 6.71593% | DISK : 1% | LATENCY : 17.5 msms
Fri Dec  5 17:47:44 UTC 2025  Alert : High CPU usage detected 
Fri Dec  5 17:47:44 UTC 2025 |  high cpu process killed PID=1
Fri Dec  5 17:47:49 UTC 2025 | CPU : 0% | MEM : 6.71447% | DISK : 1% | LATENCY : 17.4 msms
Fri Dec  5 17:47:49 UTC 2025  Alert : High CPU usage detected 
Fri Dec  5 17:47:49 UTC 2025 |  high cpu process killed PID=1
Fri Dec  5 17:47:54 UTC 2025 | CPU : 0% | MEM : 6.71076% | DISK : 1% | LATENCY : 18.2 msms
Fri Dec  5 17:47:54 UTC 2025  Alert : High CPU usage detected 
Fri Dec  5 17:47:54 UTC 2025 |  high cpu process killed PID=3234
Fri Dec  5 17:48:00 UTC 2025 | CPU : 0.6% | MEM : 6.71156% | DISK : 1% | LATENCY : 17.5 msms
Fri Dec  5 17:48:00 UTC 2025  Alert : High CPU usage detected 
Fri Dec  5 17:48:00 UTC 2025 |  high cpu process killed PID=3234
Fri Dec  5 17:48:05 UTC 2025 | CPU : 1.2% | MEM : 6.7193% | DISK : 1% | LATENCY : 18.2 msms
Fri Dec  5 17:48:05 UTC 2025  Alert : High CPU usage detected 
Fri Dec  5 17:48:05 UTC 2025 |  high cpu process killed PID=3234
Fri Dec  5 17:48:10 UTC 2025 | CPU : 0% | MEM : 6.72201% | DISK : 1% | LATENCY : 17.6 msms
Fri Dec  5 17:48:10 UTC 2025  Alert : High CPU usage detected 
Fri Dec  5 17:48:10 UTC 2025 |  high cpu process killed PID=3234
Fri Dec  5 17:48:16 UTC 2025 | CPU : 0% | MEM : 6.70573% | DISK : 1% | LATENCY : 17.8 msms
Fri Dec  5 17:48:16 UTC 2025  Alert : High CPU usage detected 
Fri Dec  5 17:48:16 UTC 2025 |  high cpu process killed PID=3234
Fri Dec  5 17:52:12 UTC 2025 | CPU : 0.190.19% | MEM : 6.64946% | DISK : 1% | LATENCY : 17.6 msms
Fri Dec  5 17:52:18 UTC 2025 | CPU : 0.000.00% | MEM : 6.67453% | DISK : 1% | LATENCY : 17.8 msms
Fri Dec  5 17:53:11 UTC 2025 | CPU : 0.000.00% | MEM : 6.70694% | DISK : 1% | LATENCY : 17.6 msms
Fri Dec  5 17:53:58 UTC 2025 | CPU : 0.000.00% | MEM : 6.70231% | DISK : 1% | LATENCY : 17.8 msms
Fri Dec  5 17:54:04 UTC 2025 | CPU : 0.120.12% | MEM : 6.70865% | DISK : 1% | LATENCY : 18.0 msms
Fri Dec  5 17:54:10 UTC 2025 | CPU : 0.060.06% | MEM : 6.70814% | DISK : 1% | LATENCY : 17.9 msms
Fri Dec  5 17:54:41 UTC 2025 | CPU : 0% | MEM : 6.68126% | DISK : 1% | LATENCY : 17.8 msms
Fri Dec  5 17:54:47 UTC 2025 | CPU : 0% | MEM : 6.69719% | DISK : 1% | LATENCY : 18.2 msms
Fri Dec  5 17:55:04 UTC 2025 | CPU : 0.0% | MEM : 6.69428% | DISK : 1% | LATENCY : 17.8 msms
Fri Dec  5 18:06:11 UTC 2025 | CPU : 0.0% | MEM : 6.73281% | DISK : 1% | LATENCY : 17.5 msms
Fri Dec  5 18:16:46 UTC 2025 | CPU : 0.0% | MEM : 6.81095% | DISK : 1% | LATENCY : 17.5 msms
Fri Dec  5 18:16:51 UTC 2025 | CPU : 0.0% | MEM : 6.82014% | DISK : 1% | LATENCY : 17.6 msms
Fri Dec  5 18:21:40 UTC 2025 | CPU : 0.0% | MEM : 6.80733% | DISK : 1% | LATENCY : 17.4 msms
Fri Dec  5 18:21:46 UTC 2025 | CPU : 0.0% | MEM : 6.81366% | DISK : 1% | LATENCY : 17.9 msms
Fri Dec  5 18:28:11 UTC 2025 | CPU : 1.2% | MEM : 6.8325% | DISK : 1% | LATENCY : 17.4ms
Fri Dec  5 18:28:38 UTC 2025 | CPU : 0% | MEM : 6.80879% | DISK : 1% | LATENCY : 21.3ms
Fri Dec  5 18:28:43 UTC 2025 | CPU : 0% | MEM : 6.82999% | DISK : 1% | LATENCY : 18.5ms
Fri Dec  5 18:28:49 UTC 2025 | CPU : 0% | MEM : 6.83587% | DISK : 1% | LATENCY : 17.4ms
Fri Dec  5 18:28:54 UTC 2025 | CPU : 0% | MEM : 6.80818% | DISK : 1% | LATENCY : 17.5ms
Fri Dec  5 18:28:59 UTC 2025 | CPU : 0.6% | MEM : 6.81904% | DISK : 1% | LATENCY : 17.7ms
Fri Dec  5 18:33:34 UTC 2025 | CPU : 0% | MEM : 6.81105% | DISK : 1% | LATENCY : 17.5ms
Fri Dec  5 18:36:45 UTC 2025 | CPU : 0% | MEM : 6.81783% | DISK : 1% | LATENCY : 17.6ms
